<?xml version="1.0" encoding="UTF-8"?>
<testsuite name="calc.RunCukesTest" tests="0" skipped="0" failures="0" errors="0" timestamp="1970-01-01T00:00:00" hostname="benq-Lenovo-G510" time="0.0">
  <properties/>
  <system-out><![CDATA[Feature: Security
  Security test

  @important
  Scenario: Login                                 ?[90m# src/test/resources/features/security/security.feature:6?[0m

@security
Feature: Security2
  Security test

  @security @important
  Scenario: Login                                 ?[90m# src/test/resources/features/security/security2.feature:7?[0m

2 Scenarios (?[32m2 passed?[0m)
10 Steps (?[32m10 passed?[0m)
0m4.299s

]]></system-out>
  <system-err><![CDATA[]]></system-err>
</testsuite>
